19:43:58 **** Programming project fatfs_obc on chip ****
"C:\\Ac6\\SystemWorkbench\\plugins\\fr.ac6.mcu.externaltools.openocd.win32_1.23.0.201904120827\\tools\\openocd\\bin\\openocd.exe" -f stm32.flash.8027321173086086933.cfg -s "C:\\Users\\Abdel\\OneDrive\\Documents\\eclipseWorkspace\\obc_upsat\\fatfs_obc" -s "C:\\Ac6\\SystemWorkbench\\plugins\\fr.ac6.mcu.debug_2.5.0.201904120827\\resources\\openocd\\st_scripts" -c "program Debug/fatfs_obc.elf verify " -c shutdown 
Open On-Chip Debugger 0.10.0+dev-00021-g524e8c8 (2019-04-12-08:48)
Licensed under GNU GPL v2
For bug reports, read
	http://openocd.org/doc/doxygen/bugs.html
srst_only separate srst_nogate srst_open_drain connect_assert_srst
Info : The selected transport took over low-level target control. The results might differ compared to plain JTAG/SWD
adapter speed: 8000 kHz
adapter_nsrst_delay: 100
Info : clock speed 8000 kHz
Info : STLINK v2.1 JTAG v38 API v2 M27 VID 0x0483 PID 0x374B
Info : using stlink api v2
Info : Target voltage: 2.900709
Error: init mode failed (unable to connect to the target)
in procedure 'program' 
in procedure 'init' called at file "embedded:startup.tcl", line 495
in procedure 'ocd_bouncer'
** OpenOCD init failed **
shutdown command invoked


19:43:59 Build Finished (took 233ms)

